<?xml version="1.0" encoding="UTF-8"?>
<testsuite xmlns:xsi="http://www.w3.org/2001/XMLSchema-instance" xsi:noNamespaceSchemaLocation="https://maven.apache.org/surefire/maven-surefire-plugin/xsd/surefire-test-report-3.0.xsd" version="3.0" name="br.com.hellosol.hellosol.HelloSolApplicationTests" time="5.824" tests="1" errors="0" skipped="0" failures="0">
  <properties>
[...]
</properties>
  <testcase name="contextLoads" classname="br.com.hellosol.hellosol.HelloSolApplicationTests" time="0.724">
    <system-out><![CDATA[15:57:59.494 [main] INFO org.springframework.test.context.support.AnnotationConfigContextLoaderUtils -- Could not detect default configuration classes for test class [br.com.hellosol.hellosol.HelloSolApplicationTests]: HelloSolApplicationTests does not declare any static, non-private, non-final, nested classes annotated with @Configuration.
15:57:59.620 [main] INFO org.springframework.boot.test.context.SpringBootTestContextBootstrapper -- Found @SpringBootConfiguration br.com.hellosol.hellosol.HelloSolApplication for test class br.com.hellosol.hellosol.HelloSolApplicationTests
15:57:59.833 [main] INFO org.springframework.boot.devtools.restart.RestartApplicationListener -- Restart disabled due to context in which it is running

  .   ____          _            __ _ _
 /\\ / ___'_ __ _ _(_)_ __  __ _ \ \ \ \
( ( )\___ | '_ | '_| | '_ \/ _` | \ \ \ \
 \\/  ___)| |_)| | | | | || (_| |  ) ) ) )
  '  |____| .__|_| |_|_| |_\__, | / / / /
 =========|_|==============|___/=/_/_/_/
 :: Spring Boot ::                (v3.2.3)

2024-03-05T15:58:00.099-03:00  INFO 15204 --- [           main] b.c.h.hellosol.HelloSolApplicationTests  : Starting HelloSolApplicationTests using Java 17.0.10 with PID 15204 (started by fonti in C:\Projetos\Solar\hello-sol)
2024-03-05T15:58:00.100-03:00  INFO 15204 --- [           main] b.c.h.hellosol.HelloSolApplicationTests  : No active profile set, falling back to 1 default profile: "default"
2024-03-05T15:58:01.006-03:00  INFO 15204 --- [           main] .s.d.r.c.RepositoryConfigurationDelegate : Bootstrapping Spring Data JPA repositories in DEFAULT mode.
2024-03-05T15:58:01.030-03:00  INFO 15204 --- [           main] .s.d.r.c.RepositoryConfigurationDelegate : Finished Spring Data repository scanning in 13 ms. Found 0 JPA repository interfaces.
2024-03-05T15:58:01.524-03:00  INFO 15204 --- [           main] com.zaxxer.hikari.HikariDataSource       : HikariPool-1 - Starting...
2024-03-05T15:58:02.230-03:00  INFO 15204 --- [           main] com.zaxxer.hikari.pool.HikariPool        : HikariPool-1 - Added connection com.mysql.cj.jdbc.ConnectionImpl@39549f33
2024-03-05T15:58:02.233-03:00  INFO 15204 --- [           main] com.zaxxer.hikari.HikariDataSource       : HikariPool-1 - Start completed.
2024-03-05T15:58:02.380-03:00  INFO 15204 --- [           main] o.f.c.internal.license.VersionPrinter    : Flyway Community Edition 9.22.3 by Redgate
2024-03-05T15:58:02.380-03:00  INFO 15204 --- [           main] o.f.c.internal.license.VersionPrinter    : See release notes here: https://rd.gt/416ObMi
2024-03-05T15:58:02.380-03:00  INFO 15204 --- [           main] o.f.c.internal.license.VersionPrinter    : 
2024-03-05T15:58:02.455-03:00  INFO 15204 --- [           main] org.flywaydb.core.FlywayExecutor         : Database: jdbc:mysql://localhost:3307/hello_sol_db (MySQL 8.3)
2024-03-05T15:58:02.499-03:00  WARN 15204 --- [           main] o.f.c.internal.database.base.Database    : Flyway upgrade recommended: MySQL 8.3 is newer than this version of Flyway and support has not been tested. The latest supported version of MySQL is 8.0.
2024-03-05T15:58:02.632-03:00  INFO 15204 --- [           main] o.f.core.internal.command.DbValidate     : Successfully validated 0 migrations (execution time 00:00.048s)
2024-03-05T15:58:02.633-03:00  WARN 15204 --- [           main] o.f.core.internal.command.DbValidate     : No migrations found. Are your locations set up correctly?
2024-03-05T15:58:02.658-03:00  INFO 15204 --- [           main] o.f.core.internal.command.DbMigrate      : Current version of schema `hello_sol_db`: << Empty Schema >>
2024-03-05T15:58:02.664-03:00  INFO 15204 --- [           main] o.f.core.internal.command.DbMigrate      : Schema `hello_sol_db` is up to date. No migration necessary.
2024-03-05T15:58:02.799-03:00  INFO 15204 --- [           main] o.hibernate.jpa.internal.util.LogHelper  : HHH000204: Processing PersistenceUnitInfo [name: default]
2024-03-05T15:58:02.901-03:00  INFO 15204 --- [           main] org.hibernate.Version                    : HHH000412: Hibernate ORM core version 6.4.4.Final
2024-03-05T15:58:02.945-03:00  INFO 15204 --- [           main] o.h.c.internal.RegionFactoryInitiator    : HHH000026: Second-level cache disabled
2024-03-05T15:58:03.235-03:00  INFO 15204 --- [           main] o.s.o.j.p.SpringPersistenceUnitInfo      : No LoadTimeWeaver setup: ignoring JPA class transformer
2024-03-05T15:58:03.668-03:00  INFO 15204 --- [           main] o.h.e.t.j.p.i.JtaPlatformInitiator       : HHH000489: No JTA platform available (set 'hibernate.transaction.jta.platform' to enable JTA platform integration)
2024-03-05T15:58:03.672-03:00  INFO 15204 --- [           main] j.LocalContainerEntityManagerFactoryBean : Initialized JPA EntityManagerFactory for persistence unit 'default'
2024-03-05T15:58:03.844-03:00  WARN 15204 --- [           main] JpaBaseConfiguration$JpaWebConfiguration : spring.jpa.open-in-view is enabled by default. Therefore, database queries may be performed during view rendering. Explicitly configure spring.jpa.open-in-view to disable this warning
2024-03-05T15:58:04.400-03:00  INFO 15204 --- [           main] b.c.h.hellosol.HelloSolApplicationTests  : Started HelloSolApplicationTests in 4.581 seconds (process running for 5.86)
]]></system-out>
  </testcase>
</testsuite>